<?xml version="1.0" encoding="UTF-8"?>
<!-- Generated by org.testng.reporters.JUnitReportReporter -->
<testsuite hostname="Admin" failures="0" tests="1" name="org.orangeDemo.TestClasses.forgitPageTest" time="12.187" errors="0" timestamp="2023-04-25T18:51:08 IST" skipped="0">
  <testcase classname="org.orangeDemo.TestClasses.forgitPageTest" name="forgot" time="12.187"/>
  <system-out/>
</testsuite> <!-- org.orangeDemo.TestClasses.forgitPageTest -->
