<?xml version="1.0" encoding="UTF-8"?>
<!-- Generated by org.testng.reporters.JUnitReportReporter -->
<testsuite hostname="Admin" failures="0" tests="1" name="org.orangeDemo.TestClasses.AdminPageTest" time="28.700" errors="0" timestamp="2023-05-08T12:40:13 IST" skipped="0">
  <testcase classname="org.orangeDemo.TestClasses.AdminPageTest" name="adminModuleTest" time="28.700"/>
  <system-out/>
</testsuite> <!-- org.orangeDemo.TestClasses.AdminPageTest -->
