<?xml version="1.0" encoding="UTF-8"?>
<!-- Generated by org.testng.reporters.JUnitReportReporter -->
<testsuite hostname="Admin" failures="0" tests="1" name="org.sample.Excel" time="36.061" errors="0" timestamp="2023-04-27T14:47:58 IST" skipped="0">
  <testcase classname="org.sample.Excel" name="test" time="36.061"/>
  <system-out/>
</testsuite> <!-- org.sample.Excel -->
