<?xml version="1.0" encoding="UTF-8"?>
<!-- Generated by org.testng.reporters.JUnitReportReporter -->
<testsuite hostname="Admin" failures="0" tests="1" name="org.orangeDemo.TestClasses.InvalidLoginTest" time="26.060" errors="0" timestamp="2023-04-27T18:06:34 IST" skipped="0">
  <testcase classname="org.orangeDemo.TestClasses.InvalidLoginTest" name="testLogin" time="26.060"/>
  <system-out/>
</testsuite> <!-- org.orangeDemo.TestClasses.InvalidLoginTest -->
