<?xml version="1.0" encoding="UTF-8"?>
<!-- Generated by org.testng.reporters.JUnitReportReporter -->
<testsuite hostname="Admin" failures="0" tests="1" name="org.orangeDemo.TestClasses.ModulePageTest" time="7.757" errors="0" timestamp="2023-04-26T14:09:01 IST" skipped="0">
  <testcase classname="org.orangeDemo.TestClasses.ModulePageTest" name="moduleTest" time="7.757"/>
  <system-out/>
</testsuite> <!-- org.orangeDemo.TestClasses.ModulePageTest -->
